<?xml version="1.0" encoding="UTF-8"?>
<testng-results ignored="0" total="1" passed="1" failed="0" skipped="0">
  <reporter-output>
  </reporter-output>
  <suite started-at="2020-01-16T11:17:00 CET" name="Default suite" finished-at="2020-01-16T11:17:13 CET" duration-ms="12915">
    <groups>
    </groups>
    <test started-at="2020-01-16T11:17:00 CET" name="Default test" finished-at="2020-01-16T11:17:13 CET" duration-ms="12915">
      <class name="highlet.TestHight">
        <test-method signature="highlightElement()[pri:0, instance:highlet.TestHight@501edcf1]" started-at="2020-01-16T11:17:00 CET" name="highlightElement" finished-at="2020-01-16T11:17:13 CET" duration-ms="12881" status="PASS">
          <reporter-output>
          </reporter-output>
        </test-method> <!-- highlightElement -->
      </class> <!-- highlet.TestHight -->
    </test> <!-- Default test -->
  </suite> <!-- Default suite -->
</testng-results>
